2018-07-04 11:20:15==>INFORMATION: 乌市 未使用宏UsingLicense，未使用收费端license,FILE:InterfaceBusiHandler.cpp,LINE:85
2018-07-04 11:20:15==>INFORMATION: 

2018-07-04 11:20:15==>INFORMATION: ***********************************************************************
2018-07-04 11:20:15==>INFORMATION: SiInterface.dll开始初始化：
2018-07-04 11:20:15==>INFORMATION: INIT(char*)第一次初始化!
2018-07-04 11:20:15==>INFORMATION: INIT串为空
2018-07-04 11:20:15==>INFORMATION: OS:  not Windows NT 4.0  Service Pack 1 (build 7601)
2018-07-04 11:20:15==>INFORMATION: MFC版本=600,VC编译器版本=4b0
2018-07-04 11:20:15==>INFORMATION: 时间戳:Mon Jul  8 10:35:16 2013
2018-07-04 11:20:15==>INFORMATION: macro _UsingLicense isn't used!unInvoke license.ini checked File:line[124]
2018-07-04 11:20:15==>WARNING    : 获取动态库版本信息发生错误，错误为：
2018-07-04 11:20:15==>INFORMATION: Card.dll的版本号为:
2018-07-04 11:20:15==>INFORMATION: CARDOPERATOR.cpp,56,开始初始化Card.dll动态库Init函数
2018-07-04 11:20:15==>INFORMATION: 加载{Card.dll}成功,位置{120}
2018-07-04 11:20:15==>INFOR_CARD  : Card.dll版本:10055
2018-07-04 11:20:15==>INFOR_CARD  : 获得参数的文件夹:D:\Workspaces\c#\WebApiApp\WebApiApp\bin\Debug\ybhj\
2018-07-04 11:20:15==>INFOR_CARD  : 获得城市名...HangZhou
2018-07-04 11:20:15==>INFOR_CARD  : 卡商动态库名称:ICCInter_hz.dll
2018-07-04 11:20:15==>INFOR_CARD  : IC卡
2018-07-04 11:20:15==>INFOR_CARD  : 获得端口号...1
2018-07-04 11:20:15==>INFOR_CARD  : 获得波特率...115200
2018-07-04 11:20:15==>INFORMATION: CARDOPERATOR.cpp,85,初始化Card.dll动态库Init函数结束
2018-07-04 11:20:15==>INFORMATION: m_DllParameter=[m_MacAddr]{507B9D76E1D8}|[m_UserNum]{}|[m_RegionCode]{}|[m_Encryped]{}|[m_HospNo]{}|[过期时间]{}
2018-07-04 11:20:15==>DEBUG      : 传入后台HIS数据为: 9130^^^^^^1005||||^268669616^
2018-07-04 11:20:15==>DEBUG      : 传入后台读卡信息为: 
2018-07-04 11:20:15==>INFORMATION: 新VerifyLicAuth.dll文件的版本:3005
2018-07-04 11:20:15==>INFORMATION: CSSMode.cpp,2018.GetAppCode成功.iBusiType=2
2018-07-04 11:20:15==>DEBUG      : 后台传出业务配置信息为: 1260$403:$517:$000:$^1270$403:$516:$000:$^2100$403:$000:$^2110$000:$^2210$403:$000:$^2230$403:$000:$^2240$403:$000:$^2410$403:$516:$000:$^2421$000:$^2430$403:$000:$^2440$403:$000:$^5000$005:$^5110$005:$^5130$005:$^5150$005:$^5170$005:$^5180$005:$^5210$005:$^
2018-07-04 11:20:15==>DEBUG      : 后台传出卡配置信息为: 
2018-07-04 11:20:15==>INFORMATION: SiInterface.dll初始化成功！

2018-07-04 15:17:43==>INFORMATION: 乌市 未使用宏UsingLicense，未使用收费端license,FILE:InterfaceBusiHandler.cpp,LINE:85
2018-07-04 15:17:43==>INFORMATION: 

2018-07-04 15:17:43==>INFORMATION: ***********************************************************************
2018-07-04 15:17:43==>INFORMATION: SiInterface.dll开始初始化：
2018-07-04 15:17:43==>INFORMATION: INIT(char*)第一次初始化!
2018-07-04 15:17:43==>INFORMATION: INIT串为空
2018-07-04 15:17:43==>INFORMATION: OS:  not Windows NT 4.0  Service Pack 1 (build 7601)
2018-07-04 15:17:43==>INFORMATION: MFC版本=600,VC编译器版本=4b0
2018-07-04 15:17:43==>INFORMATION: 时间戳:Mon Jul  8 10:35:16 2013
2018-07-04 15:17:43==>INFORMATION: macro _UsingLicense isn't used!unInvoke license.ini checked File:line[124]
2018-07-04 15:17:43==>WARNING    : 获取动态库版本信息发生错误，错误为：
2018-07-04 15:17:43==>INFORMATION: Card.dll的版本号为:
2018-07-04 15:17:43==>INFORMATION: CARDOPERATOR.cpp,56,开始初始化Card.dll动态库Init函数
2018-07-04 15:17:43==>INFORMATION: 加载{Card.dll}成功,位置{120}
2018-07-04 15:17:43==>INFOR_CARD  : Card.dll版本:10055
2018-07-04 15:17:43==>INFOR_CARD  : 获得参数的文件夹:D:\Workspaces\c#\WebApiApp\WebApiApp\bin\Debug\ybhj\
2018-07-04 15:17:43==>INFOR_CARD  : 获得城市名...HangZhou
2018-07-04 15:17:43==>INFOR_CARD  : 卡商动态库名称:ICCInter_hz.dll
2018-07-04 15:17:43==>INFOR_CARD  : IC卡
2018-07-04 15:17:43==>INFOR_CARD  : 获得端口号...1
2018-07-04 15:17:43==>INFOR_CARD  : 获得波特率...115200
2018-07-04 15:17:43==>INFORMATION: CARDOPERATOR.cpp,85,初始化Card.dll动态库Init函数结束
2018-07-04 15:17:43==>INFORMATION: m_DllParameter=[m_MacAddr]{507B9D76E1D8}|[m_UserNum]{}|[m_RegionCode]{}|[m_Encryped]{}|[m_HospNo]{}|[过期时间]{}
2018-07-04 15:17:43==>DEBUG      : 传入后台HIS数据为: 9130^^^^^^1005||||^268669616^
2018-07-04 15:17:43==>DEBUG      : 传入后台读卡信息为: 
2018-07-04 15:17:43==>INFORMATION: 新VerifyLicAuth.dll文件的版本:3005
2018-07-04 15:17:43==>INFORMATION: CSSMode.cpp,2018.GetAppCode成功.iBusiType=2
2018-07-04 15:17:43==>DEBUG      : 后台传出业务配置信息为: 1260$403:$517:$000:$^1270$403:$516:$000:$^2100$403:$000:$^2110$000:$^2210$403:$000:$^2230$403:$000:$^2240$403:$000:$^2410$403:$516:$000:$^2421$000:$^2430$403:$000:$^2440$403:$000:$^5000$005:$^5110$005:$^5130$005:$^5150$005:$^5170$005:$^5180$005:$^5210$005:$^
2018-07-04 15:17:43==>DEBUG      : 后台传出卡配置信息为: 
2018-07-04 15:17:43==>INFORMATION: SiInterface.dll初始化成功！

2018-07-04 15:19:41==>INFORMATION: 乌市 未使用宏UsingLicense，未使用收费端license,FILE:InterfaceBusiHandler.cpp,LINE:85
2018-07-04 15:19:41==>INFORMATION: 

2018-07-04 15:19:41==>INFORMATION: ***********************************************************************
2018-07-04 15:19:41==>INFORMATION: SiInterface.dll开始初始化：
2018-07-04 15:19:41==>INFORMATION: INIT(char*)第一次初始化!
2018-07-04 15:19:41==>INFORMATION: INIT串为空
2018-07-04 15:19:41==>INFORMATION: OS:  not Windows NT 4.0  Service Pack 1 (build 7601)
2018-07-04 15:19:41==>INFORMATION: MFC版本=600,VC编译器版本=4b0
2018-07-04 15:19:41==>INFORMATION: 时间戳:Mon Jul  8 10:35:16 2013
2018-07-04 15:19:41==>INFORMATION: macro _UsingLicense isn't used!unInvoke license.ini checked File:line[124]
2018-07-04 15:19:41==>WARNING    : 获取动态库版本信息发生错误，错误为：
2018-07-04 15:19:41==>INFORMATION: Card.dll的版本号为:
2018-07-04 15:19:41==>INFORMATION: CARDOPERATOR.cpp,56,开始初始化Card.dll动态库Init函数
2018-07-04 15:19:41==>INFORMATION: 加载{Card.dll}成功,位置{120}
2018-07-04 15:19:41==>INFOR_CARD  : Card.dll版本:10055
2018-07-04 15:19:41==>INFOR_CARD  : 获得参数的文件夹:D:\Workspaces\c#\WebApiApp\WebApiApp\bin\Debug\ybhj\
2018-07-04 15:19:41==>INFOR_CARD  : 获得城市名...HangZhou
2018-07-04 15:19:41==>INFOR_CARD  : 卡商动态库名称:ICCInter_hz.dll
2018-07-04 15:19:41==>INFOR_CARD  : IC卡
2018-07-04 15:19:41==>INFOR_CARD  : 获得端口号...1
2018-07-04 15:19:41==>INFOR_CARD  : 获得波特率...115200
2018-07-04 15:19:41==>INFORMATION: CARDOPERATOR.cpp,85,初始化Card.dll动态库Init函数结束
2018-07-04 15:19:41==>INFORMATION: m_DllParameter=[m_MacAddr]{507B9D76E1D8}|[m_UserNum]{}|[m_RegionCode]{}|[m_Encryped]{}|[m_HospNo]{}|[过期时间]{}
2018-07-04 15:19:41==>DEBUG      : 传入后台HIS数据为: 9130^^^^^^1005||||^268669616^
2018-07-04 15:19:41==>DEBUG      : 传入后台读卡信息为: 
2018-07-04 15:19:41==>INFORMATION: 新VerifyLicAuth.dll文件的版本:3005
2018-07-04 15:19:41==>INFORMATION: CSSMode.cpp,2018.GetAppCode成功.iBusiType=2
2018-07-04 15:19:41==>DEBUG      : 后台传出业务配置信息为: 1260$403:$517:$000:$^1270$403:$516:$000:$^2100$403:$000:$^2110$000:$^2210$403:$000:$^2230$403:$000:$^2240$403:$000:$^2410$403:$516:$000:$^2421$000:$^2430$403:$000:$^2440$403:$000:$^5000$005:$^5110$005:$^5130$005:$^5150$005:$^5170$005:$^5180$005:$^5210$005:$^
2018-07-04 15:19:41==>DEBUG      : 后台传出卡配置信息为: 
2018-07-04 15:19:41==>INFORMATION: SiInterface.dll初始化成功！

